# JRE version: OpenJDK Runtime Environment GraalVM CE 22.3.0 (17.0.5+8) (build 17.0.5+8-jvmci-22.3-b08)
# Java VM: OpenJDK 64-Bit Server VM GraalVM CE 22.3.0 (17.0.5+8-jvmci-22.3-b08, mixed mode, sharing, tiered, jvmci, jvmci compiler, compressed oops, compressed class ptrs, parallel gc, linux-amd64)
GC Precious Log:
 CPUs: 8 total, 1 available
 Memory: 1024M
 Large Page Support: Disabled
 NUMA Support: Disabled
 Compressed Oops: Enabled (32-bit)
 Alignments: Space 512K, Generation 512K, Heap 2M
 Heap Min Capacity: 100M
 Heap Initial Capacity: 100M
 Heap Max Capacity: 512M
 Pre-touch: Disabled
 Parallel Workers: 1
Heap:
 PSYoungGen      total 62976K, used 48127K [0x00000000f5580000, 0x00000000fa980000, 0x0000000100000000)
  eden space 48128K, 99% used [0x00000000f5580000,0x00000000f847fff0,0x00000000f8480000)
  from space 14848K, 0% used [0x00000000f9780000,0x00000000f9780000,0x00000000fa600000)
  to   space 17920K, 0% used [0x00000000f8480000,0x00000000f8480000,0x00000000f9600000)
 ParOldGen       total 349696K, used 349695K [0x00000000e0000000, 0x00000000f5580000, 0x00000000f5580000)
  object space 349696K, 99% used [0x00000000e0000000,0x00000000f557fff0,0x00000000f5580000)
 Metaspace       used 62403K, committed 63424K, reserved 1114112K
  class space    used 6144K, committed 6528K, reserved 1048576K
GC Heap History (20 events):
Event: 910.034 GC heap before
{Heap before GC invocations=797 (full 664):
 PSYoungGen      total 62976K, used 48127K [0x00000000f5580000, 0x00000000fa980000, 0x0000000100000000)
  eden space 48128K, 99% used [0x00000000f5580000,0x00000000f847fff8,0x00000000f8480000)
  from space 14848K, 0% used [0x00000000f9780000,0x00000000f9780000,0x00000000fa600000)
  to   space 17920K, 0% used [0x00000000f8480000,0x00000000f8480000,0x00000000f9600000)
 ParOldGen       total 349696K, used 349690K [0x00000000e0000000, 0x00000000f5580000, 0x00000000f5580000)
  object space 349696K, 99% used [0x00000000e0000000,0x00000000f557e928,0x00000000f5580000)
 Metaspace       used 62403K, committed 63424K, reserved 1114112K
  class space    used 6144K, committed 6528K, reserved 1048576K
}
Event: 911.455 GC heap after
{Heap after GC invocations=797 (full 664):
 PSYoungGen      total 66048K, used 48122K [0x00000000f5580000, 0x00000000fa980000, 0x0000000100000000)
  eden space 48128K, 99% used [0x00000000f5580000,0x00000000f847ebd8,0x00000000f8480000)
  from space 17920K, 0% used [0x00000000f8480000,0x00000000f8480000,0x00000000f9600000)
  to   space 14848K, 0% used [0x00000000f9780000,0x00000000f9780000,0x00000000fa600000)
 ParOldGen       total 349696K, used 349690K [0x00000000e0000000, 0x00000000f5580000, 0x00000000f5580000)
  object space 349696K, 99% used [0x00000000e0000000,0x00000000f557e928,0x00000000f5580000)
 Metaspace       used 62403K, committed 63424K, reserved 1114112K
  class space    used 6144K, committed 6528K, reserved 1048576K
}
Event: 911.456 GC heap before
{Heap before GC invocations=798 (full 665):
 PSYoungGen      total 66048K, used 48128K [0x00000000f5580000, 0x00000000fa980000, 0x0000000100000000)
  eden space 48128K, 100% used [0x00000000f5580000,0x00000000f8480000,0x00000000f8480000)
  from space 17920K, 0% used [0x00000000f8480000,0x00000000f8480000,0x00000000f9600000)
  to   space 14848K, 0% used [0x00000000f9780000,0x00000000f9780000,0x00000000fa600000)
 ParOldGen       total 349696K, used 349690K [0x00000000e0000000, 0x00000000f5580000, 0x00000000f5580000)
  object space 349696K, 99% used [0x00000000e0000000,0x00000000f557e928,0x00000000f5580000)
 Metaspace       used 62403K, committed 63424K, reserved 1114112K
  class space    used 6144K, committed 6528K, reserved 1048576K
}
Event: 912.730 GC heap after
{Heap after GC invocations=798 (full 665):
 PSYoungGen      total 62976K, used 48124K [0x00000000f5580000, 0x00000000fa980000, 0x0000000100000000)
  eden space 48128K, 99% used [0x00000000f5580000,0x00000000f847f208,0x00000000f8480000)
  from space 14848K, 0% used [0x00000000f9780000,0x00000000f9780000,0x00000000fa600000)
  to   space 17920K, 0% used [0x00000000f8480000,0x00000000f8480000,0x00000000f9600000)
 ParOldGen       total 349696K, used 349690K [0x00000000e0000000, 0x00000000f5580000, 0x00000000f5580000)
  object space 349696K, 99% used [0x00000000e0000000,0x00000000f557e928,0x00000000f5580000)
 Metaspace       used 62403K, committed 63424K, reserved 1114112K
  class space    used 6144K, committed 6528K, reserved 1048576K
}
Event: 912.730 GC heap before
{Heap before GC invocations=799 (full 666):
 PSYoungGen      total 62976K, used 48128K [0x00000000f5580000, 0x00000000fa980000, 0x0000000100000000)
  eden space 48128K, 100% used [0x00000000f5580000,0x00000000f8480000,0x00000000f8480000)
  from space 14848K, 0% used [0x00000000f9780000,0x00000000f9780000,0x00000000fa600000)
  to   space 17920K, 0% used [0x00000000f8480000,0x00000000f8480000,0x00000000f9600000)
 ParOldGen       total 349696K, used 349690K [0x00000000e0000000, 0x00000000f5580000, 0x00000000f5580000)
  object space 349696K, 99% used [0x00000000e0000000,0x00000000f557e928,0x00000000f5580000)
 Metaspace       used 62403K, committed 63424K, reserved 1114112K
  class space    used 6144K, committed 6528K, reserved 1048576K
}
Event: 913.957 GC heap after
{Heap after GC invocations=799 (full 666):
 PSYoungGen      total 66048K, used 48126K [0x00000000f5580000, 0x00000000fa980000, 0x0000000100000000)
  eden space 48128K, 99% used [0x00000000f5580000,0x00000000f847fad8,0x00000000f8480000)
  from space 17920K, 0% used [0x00000000f8480000,0x00000000f8480000,0x00000000f9600000)
  to   space 14848K, 0% used [0x00000000f9780000,0x00000000f9780000,0x00000000fa600000)
 ParOldGen       total 349696K, used 349690K [0x00000000e0000000, 0x00000000f5580000, 0x00000000f5580000)
  object space 349696K, 99% used [0x00000000e0000000,0x00000000f557e900,0x00000000f5580000)
 Metaspace       used 62403K, committed 63424K, reserved 1114112K
  class space    used 6144K, committed 6528K, reserved 1048576K
}
Event: 913.957 GC heap before
{Heap before GC invocations=800 (full 667):
 PSYoungGen      total 66048K, used 48128K [0x00000000f5580000, 0x00000000fa980000, 0x0000000100000000)
  eden space 48128K, 100% used [0x00000000f5580000,0x00000000f8480000,0x00000000f8480000)
  from space 17920K, 0% used [0x00000000f8480000,0x00000000f8480000,0x00000000f9600000)
  to   space 14848K, 0% used [0x00000000f9780000,0x00000000f9780000,0x00000000fa600000)
 ParOldGen       total 349696K, used 349690K [0x00000000e0000000, 0x00000000f5580000, 0x00000000f5580000)
  object space 349696K, 99% used [0x00000000e0000000,0x00000000f557e900,0x00000000f5580000)
 Metaspace       used 62403K, committed 63424K, reserved 1114112K
  class space    used 6144K, committed 6528K, reserved 1048576K
}
Event: 915.264 GC heap after
{Heap after GC invocations=800 (full 667):
 PSYoungGen      total 62976K, used 48128K [0x00000000f5580000, 0x00000000fa980000, 0x0000000100000000)
  eden space 48128K, 100% used [0x00000000f5580000,0x00000000f8480000,0x00000000f8480000)
  from space 14848K, 0% used [0x00000000f9780000,0x00000000f9780000,0x00000000fa600000)
  to   space 17920K, 0% used [0x00000000f8480000,0x00000000f8480000,0x00000000f9600000)
 ParOldGen       total 349696K, used 349690K [0x00000000e0000000, 0x00000000f5580000, 0x00000000f5580000)
  object space 349696K, 99% used [0x00000000e0000000,0x00000000f557e8d0,0x00000000f5580000)
 Metaspace       used 62403K, committed 63424K, reserved 1114112K
  class space    used 6144K, committed 6528K, reserved 1048576K
}
Event: 915.264 GC heap before
{Heap before GC invocations=801 (full 668):
 PSYoungGen      total 62976K, used 48128K [0x00000000f5580000, 0x00000000fa980000, 0x0000000100000000)
  eden space 48128K, 100% used [0x00000000f5580000,0x00000000f8480000,0x00000000f8480000)
  from space 14848K, 0% used [0x00000000f9780000,0x00000000f9780000,0x00000000fa600000)
  to   space 17920K, 0% used [0x00000000f8480000,0x00000000f8480000,0x00000000f9600000)
 ParOldGen       total 349696K, used 349692K [0x00000000e0000000, 0x00000000f5580000, 0x00000000f5580000)
  object space 349696K, 99% used [0x00000000e0000000,0x00000000f557f0b8,0x00000000f5580000)
 Metaspace       used 62403K, committed 63424K, reserved 1114112K
  class space    used 6144K, committed 6528K, reserved 1048576K
}
Event: 916.429 GC heap after
{Heap after GC invocations=801 (full 668):
 PSYoungGen      total 66048K, used 48127K [0x00000000f5580000, 0x00000000fa980000, 0x0000000100000000)
  eden space 48128K, 99% used [0x00000000f5580000,0x00000000f847fdd0,0x00000000f8480000)
  from space 17920K, 0% used [0x00000000f8480000,0x00000000f8480000,0x00000000f9600000)
  to   space 14848K, 0% used [0x00000000f9780000,0x00000000f9780000,0x00000000fa600000)
 ParOldGen       total 349696K, used 349691K [0x00000000e0000000, 0x00000000f5580000, 0x00000000f5580000)
  object space 349696K, 99% used [0x00000000e0000000,0x00000000f557ee48,0x00000000f5580000)
 Metaspace       used 62403K, committed 63424K, reserved 1114112K
  class space    used 6144K, committed 6528K, reserved 1048576K
}
Event: 916.429 GC heap before
{Heap before GC invocations=802 (full 669):
 PSYoungGen      total 66048K, used 48128K [0x00000000f5580000, 0x00000000fa980000, 0x0000000100000000)
  eden space 48128K, 100% used [0x00000000f5580000,0x00000000f8480000,0x00000000f8480000)
  from space 17920K, 0% used [0x00000000f8480000,0x00000000f8480000,0x00000000f9600000)
  to   space 14848K, 0% used [0x00000000f9780000,0x00000000f9780000,0x00000000fa600000)
 ParOldGen       total 349696K, used 349691K [0x00000000e0000000, 0x00000000f5580000, 0x00000000f5580000)
  object space 349696K, 99% used [0x00000000e0000000,0x00000000f557ee48,0x00000000f5580000)
 Metaspace       used 62403K, committed 63424K, reserved 1114112K
  class space    used 6144K, committed 6528K, reserved 1048576K
}
Event: 917.727 GC heap after
{Heap after GC invocations=802 (full 669):
 PSYoungGen      total 62976K, used 48127K [0x00000000f5580000, 0x00000000fa980000, 0x0000000100000000)
  eden space 48128K, 99% used [0x00000000f5580000,0x00000000f847ffe0,0x00000000f8480000)
  from space 14848K, 0% used [0x00000000f9780000,0x00000000f9780000,0x00000000fa600000)
  to   space 17920K, 0% used [0x00000000f8480000,0x00000000f8480000,0x00000000f9600000)
 ParOldGen       total 349696K, used 349691K [0x00000000e0000000, 0x00000000f5580000, 0x00000000f5580000)
  object space 349696K, 99% used [0x00000000e0000000,0x00000000f557ee48,0x00000000f5580000)
 Metaspace       used 62403K, committed 63424K, reserved 1114112K
  class space    used 6144K, committed 6528K, reserved 1048576K
}
Event: 917.728 GC heap before
{Heap before GC invocations=803 (full 670):
 PSYoungGen      total 62976K, used 48127K [0x00000000f5580000, 0x00000000fa980000, 0x0000000100000000)
  eden space 48128K, 99% used [0x00000000f5580000,0x00000000f847fff8,0x00000000f8480000)
  from space 14848K, 0% used [0x00000000f9780000,0x00000000f9780000,0x00000000fa600000)
  to   space 17920K, 0% used [0x00000000f8480000,0x00000000f8480000,0x00000000f9600000)
 ParOldGen       total 349696K, used 349691K [0x00000000e0000000, 0x00000000f5580000, 0x00000000f5580000)
  object space 349696K, 99% used [0x00000000e0000000,0x00000000f557ee48,0x00000000f5580000)
 Metaspace       used 62403K, committed 63424K, reserved 1114112K
  class space    used 6144K, committed 6528K, reserved 1048576K
}
Event: 918.852 GC heap after
{Heap after GC invocations=803 (full 670):
 PSYoungGen      total 66048K, used 48127K [0x00000000f5580000, 0x00000000fa980000, 0x0000000100000000)
  eden space 48128K, 99% used [0x00000000f5580000,0x00000000f847fff8,0x00000000f8480000)
  from space 17920K, 0% used [0x00000000f8480000,0x00000000f8480000,0x00000000f9600000)
  to   space 14848K, 0% used [0x00000000f9780000,0x00000000f9780000,0x00000000fa600000)
 ParOldGen       total 349696K, used 349691K [0x00000000e0000000, 0x00000000f5580000, 0x00000000f5580000)
  object space 349696K, 99% used [0x00000000e0000000,0x00000000f557ee48,0x00000000f5580000)
 Metaspace       used 62403K, committed 63424K, reserved 1114112K
  class space    used 6144K, committed 6528K, reserved 1048576K
}
Event: 918.853 GC heap before
{Heap before GC invocations=804 (full 671):
 PSYoungGen      total 66048K, used 48127K [0x00000000f5580000, 0x00000000fa980000, 0x0000000100000000)
  eden space 48128K, 99% used [0x00000000f5580000,0x00000000f847fff8,0x00000000f8480000)
  from space 17920K, 0% used [0x00000000f8480000,0x00000000f8480000,0x00000000f9600000)
  to   space 14848K, 0% used [0x00000000f9780000,0x00000000f9780000,0x00000000fa600000)
 ParOldGen       total 349696K, used 349693K [0x00000000e0000000, 0x00000000f5580000, 0x00000000f5580000)
  object space 349696K, 99% used [0x00000000e0000000,0x00000000f557f658,0x00000000f5580000)
 Metaspace       used 62403K, committed 63424K, reserved 1114112K
  class space    used 6144K, committed 6528K, reserved 1048576K
}
Event: 920.148 GC heap after
{Heap after GC invocations=804 (full 671):
 PSYoungGen      total 62976K, used 48127K [0x00000000f5580000, 0x00000000fa980000, 0x0000000100000000)
  eden space 48128K, 99% used [0x00000000f5580000,0x00000000f847fe00,0x00000000f8480000)
  from space 14848K, 0% used [0x00000000f9780000,0x00000000f9780000,0x00000000fa600000)
  to   space 17920K, 0% used [0x00000000f8480000,0x00000000f8480000,0x00000000f9600000)
 ParOldGen       total 349696K, used 349693K [0x00000000e0000000, 0x00000000f5580000, 0x00000000f5580000)
  object space 349696K, 99% used [0x00000000e0000000,0x00000000f557f640,0x00000000f5580000)
 Metaspace       used 62403K, committed 63424K, reserved 1114112K
  class space    used 6144K, committed 6528K, reserved 1048576K
}
Event: 920.148 GC heap before
{Heap before GC invocations=805 (full 672):
 PSYoungGen      total 62976K, used 48128K [0x00000000f5580000, 0x00000000fa980000, 0x0000000100000000)
  eden space 48128K, 100% used [0x00000000f5580000,0x00000000f8480000,0x00000000f8480000)
  from space 14848K, 0% used [0x00000000f9780000,0x00000000f9780000,0x00000000fa600000)
  to   space 17920K, 0% used [0x00000000f8480000,0x00000000f8480000,0x00000000f9600000)
 ParOldGen       total 349696K, used 349693K [0x00000000e0000000, 0x00000000f5580000, 0x00000000f5580000)
  object space 349696K, 99% used [0x00000000e0000000,0x00000000f557f640,0x00000000f5580000)
 Metaspace       used 62403K, committed 63424K, reserved 1114112K
  class space    used 6144K, committed 6528K, reserved 1048576K
}
Event: 921.438 GC heap after
{Heap after GC invocations=805 (full 672):
 PSYoungGen      total 66048K, used 48127K [0x00000000f5580000, 0x00000000fa980000, 0x0000000100000000)
  eden space 48128K, 99% used [0x00000000f5580000,0x00000000f847ff68,0x00000000f8480000)
  from space 17920K, 0% used [0x00000000f8480000,0x00000000f8480000,0x00000000f9600000)
  to   space 14848K, 0% used [0x00000000f9780000,0x00000000f9780000,0x00000000fa600000)
 ParOldGen       total 349696K, used 349693K [0x00000000e0000000, 0x00000000f5580000, 0x00000000f5580000)
  object space 349696K, 99% used [0x00000000e0000000,0x00000000f557f640,0x00000000f5580000)
 Metaspace       used 62403K, committed 63424K, reserved 1114112K
  class space    used 6144K, committed 6528K, reserved 1048576K
}
Event: 921.438 GC heap before
{Heap before GC invocations=806 (full 673):
 PSYoungGen      total 66048K, used 48127K [0x00000000f5580000, 0x00000000fa980000, 0x0000000100000000)
  eden space 48128K, 99% used [0x00000000f5580000,0x00000000f847ff68,0x00000000f8480000)
  from space 17920K, 0% used [0x00000000f8480000,0x00000000f8480000,0x00000000f9600000)
  to   space 14848K, 0% used [0x00000000f9780000,0x00000000f9780000,0x00000000fa600000)
 ParOldGen       total 349696K, used 349693K [0x00000000e0000000, 0x00000000f5580000, 0x00000000f5580000)
  object space 349696K, 99% used [0x00000000e0000000,0x00000000f557f640,0x00000000f5580000)
 Metaspace       used 62403K, committed 63424K, reserved 1114112K
  class space    used 6144K, committed 6528K, reserved 1048576K
}
Event: 922.654 GC heap after
{Heap after GC invocations=806 (full 673):
 PSYoungGen      total 62976K, used 48127K [0x00000000f5580000, 0x00000000fa980000, 0x0000000100000000)
  eden space 48128K, 99% used [0x00000000f5580000,0x00000000f847fda8,0x00000000f8480000)
  from space 14848K, 0% used [0x00000000f9780000,0x00000000f9780000,0x00000000fa600000)
  to   space 17920K, 0% used [0x00000000f8480000,0x00000000f8480000,0x00000000f9600000)
 ParOldGen       total 349696K, used 349693K [0x00000000e0000000, 0x00000000f5580000, 0x00000000f5580000)
  object space 349696K, 99% used [0x00000000e0000000,0x00000000f557f640,0x00000000f5580000)
 Metaspace       used 62403K, committed 63424K, reserved 1114112K
  class space    used 6144K, committed 6528K, reserved 1048576K
}

